#
# A fatal error has been detected by the Java Runtime Environment:
#
#  EXCEPTION_ACCESS_VIOLATION (0xc0000005) at pc=0x00007ff88c005a46, pid=28804, tid=31160
#
# JRE version: OpenJDK Runtime Environment Temurin-17.0.4.1+1 (17.0.4.1+1) (build 17.0.4.1+1)
# Java VM: OpenJDK 64-Bit Server VM Temurin-17.0.4.1+1 (17.0.4.1+1, mixed mode, sharing, tiered, compressed oops, compressed class ptrs, g1 gc, windows-amd64)
# Problematic frame:
# C  [nvoglv64.dll+0xac5a46]
#
# No core dump will be written. Minidumps are not enabled by default on client versions of Windows
#
# If you would like to submit a bug report, please visit:
#   https://github.com/adoptium/adoptium-support/issues
# The crash happened outside the Java Virtual Machine in native code.
# See problematic frame for where to report the bug.
#

---------------  S U M M A R Y ------------

Command Line: -agentlib:jdwp=transport=dt_socket,server=n,suspend=y,address=localhost:61725 -XX:+ShowCodeDetailsInExceptionMessages nl.basmens.PuzzleGame

Host: Intel(R) Core(TM) i7-10850H CPU @ 2.70GHz, 12 cores, 31G,  Windows 10 , 64 bit Build 19041 (10.0.19041.1889)
Time: Tue Sep  6 08:37:25 2022 Romance (zomertijd) elapsed time: 1.807439 seconds (0d 0h 0m 1s)

---------------  T H R E A D  ---------------

Current thread (0x0000022caf4e7220):  JavaThread "main" [_thread_in_native, id=31160, stack(0x0000006f0de00000,0x0000006f0df00000)]

Stack: [0x0000006f0de00000,0x0000006f0df00000],  sp=0x0000006f0defdfa0,  free space=1015k
Native frames: (J=compiled Java code, j=interpreted, Vv=VM code, C=native code)
C  [nvoglv64.dll+0xac5a46]

Java frames: (J=compiled Java code, j=interpreted, Vv=VM code)
j  org.lwjgl.opengl.GL20C.glLinkProgram(I)V+0
j  nl.basmens.renderer.Renderer.compileShaderProgram(II)I+15
j  nl.basmens.renderer.Renderer.init()V+137
j  nl.basmens.game.levels.AbstractLevel.init()V+4
j  nl.basmens.PuzzleGame.init()V+342
j  nl.basmens.PuzzleGame.run()V+11
j  nl.basmens.PuzzleGame.main([Ljava/lang/String;)V+7
v  ~StubRoutines::call_stub

siginfo: EXCEPTION_ACCESS_VIOLATION (0xc0000005), reading address 0x0000126d00000001


Register to memory mapping:

RIP=0x00007ff88c005a46 nvoglv64.dll
RAX=0x000000000000001b is an unknown value
RBX=0x0000022ceb108048 points into unknown readable memory: 0x0000366100003660 | 60 36 00 00 61 36 00 00
RCX=0x0000126d00000001 is an unknown value
RDX=0x0 is NULL
RSP=0x0000006f0defdfa0 is pointing into the stack for thread: 0x0000022caf4e7220
RBP=0x0000022ceb107de8 points into unknown readable memory: 0x0000000000000000 | 00 00 00 00 00 00 00 00
RSI=0x0 is NULL
RDI=0x0000022ce166ccc8 points into unknown readable memory: 0x0000022ce9d3e289 | 89 e2 d3 e9 2c 02 00 00
R8 =0x0000000000000030 is an unknown value
R9 =0x0 is NULL
R10=0x0000022ce9d3e289 points into unknown readable memory: 69 6e 64 69 63 65 73
R11=0x0000022ce166ccc8 points into unknown readable memory: 0x0000022ce9d3e289 | 89 e2 d3 e9 2c 02 00 00
R12=0x0000000000000004 is an unknown value
R13=0x0000000000001404 is an unknown value
R14=0x0000022ce9d3e289 points into unknown readable memory: 69 6e 64 69 63 65 73
R15=0x0000022ce16cca50 points into unknown readable memory: 0x0000022ce16cc710 | 10 c7 6c e1 2c 02 00 00


Registers:
RAX=0x000000000000001b, RBX=0x0000022ceb108048, RCX=0x0000126d00000001, RDX=0x0000000000000000
RSP=0x0000006f0defdfa0, RBP=0x0000022ceb107de8, RSI=0x0000000000000000, RDI=0x0000022ce166ccc8
R8 =0x0000000000000030, R9 =0x0000000000000000, R10=0x0000022ce9d3e289, R11=0x0000022ce166ccc8
R12=0x0000000000000004, R13=0x0000000000001404, R14=0x0000022ce9d3e289, R15=0x0000022ce16cca50
RIP=0x00007ff88c005a46, EFLAGS=0x0000000000010297

Top of Stack: (sp=0x0000006f0defdfa0)
0x0000006f0defdfa0:   0000022ceb108048 0000022ceb107de8
0x0000006f0defdfb0:   0000000000000000 0000022c00000000
0x0000006f0defdfc0:   0000022ce9e51700 0000000000000000
0x0000006f0defdfd0:   0000022ce14de101 0000000000000000
0x0000006f0defdfe0:   0000000400000000 0000001b00000001
0x0000006f0defdff0:   0000000000000006 0000022ce1583ad8
0x0000006f0defe000:   0000000000000000 0000000000000000
0x0000006f0defe010:   0000022ce16cca50 000000000000001b
0x0000006f0defe020:   0000022ce16cedf0 0000000000000001
0x0000006f0defe030:   0000000000000001 0000000000000000
0x0000006f0defe040:   0000000000000001 00007ff88c00508e
0x0000006f0defe050:   0000022ce16cedf0 0000022ceb107de8
0x0000006f0defe060:   0000006f0defe338 0000022ce9e51700
0x0000006f0defe070:   0000022ceb107de8 0000022c0000001b
0x0000006f0defe080:   0000022ce16cca01 0000022ce9d0b800
0x0000006f0defe090:   0000022ce1582e00 00007ff88c006160 

Instructions: (pc=0x00007ff88c005a46)
0x00007ff88c005946:   8b c6 48 8d 15 21 14 4f 01 e8 8c ca 00 00 e9 51
0x00007ff88c005956:   02 00 00 49 8b 0f 45 33 c9 48 81 c1 98 1d 00 00
0x00007ff88c005966:   45 33 c0 49 8b d6 e8 af d5 00 00 48 8b f8 48 85
0x00007ff88c005976:   c0 0f 84 1d 02 00 00 48 8b 44 24 58 49 8b ce 48
0x00007ff88c005986:   8b 00 48 89 47 58 e8 8f c1 ff ff 89 47 60 0f 57
0x00007ff88c005996:   c0 0f b6 44 24 41 88 47 64 48 c7 c0 ff ff ff ff
0x00007ff88c0059a6:   0f 11 47 18 0f 11 47 28 0f 11 47 38 0f 11 47 48
0x00007ff88c0059b6:   48 ff c0 41 38 34 06 75 f7 89 47 18 8b 84 24 d8
0x00007ff88c0059c6:   00 00 00 89 47 20 39 74 24 48 74 09 49 63 47 08
0x00007ff88c0059d6:   c6 44 38 40 01 41 8b 4f 08 0f b6 84 24 e0 00 00
0x00007ff88c0059e6:   00 89 47 24 0f b6 44 24 40 41 d3 e4 44 09 67 48
0x00007ff88c0059f6:   44 8b 64 24 44 88 47 50 8b 44 24 4c 89 47 4c 44
0x00007ff88c005a06:   89 6f 28 c7 47 2c ff ff ff ff 66 89 77 30 48 c7
0x00007ff88c005a16:   47 34 ff ff ff ff c7 47 3c ff ff ff ff 44 89 67
0x00007ff88c005a26:   54 83 7d 08 02 75 12 48 8b 94 24 c0 00 00 00 48
0x00007ff88c005a36:   8b cd e8 73 c3 ff ff eb 0f 48 8b 8d 88 00 00 00
0x00007ff88c005a46:   48 8b 09 e8 32 7d 6b ff 44 8b 6c 24 50 39 74 24
0x00007ff88c005a56:   48 75 06 41 83 fd 01 74 6a 8b 4f 34 83 f9 ff 74
0x00007ff88c005a66:   19 3b c8 74 18 49 8d 4f 38 4d 8b c6 48 8d 15 87
0x00007ff88c005a76:   13 4f 01 e8 62 c9 00 00 eb 03 89 47 34 39 74 24
0x00007ff88c005a86:   48 75 06 41 83 fd 01 74 3a 48 8b 4d 58 8b c6 48
0x00007ff88c005a96:   85 c9 74 0b 83 79 08 05 75 05 e8 eb 49 ff ff 8b
0x00007ff88c005aa6:   4f 38 83 f9 ff 74 19 3b c8 74 18 49 8d 4f 38 4d
0x00007ff88c005ab6:   8b c6 48 8d 15 a1 13 4f 01 e8 1c c9 00 00 eb 03
0x00007ff88c005ac6:   89 47 38 83 7d 08 06 74 22 49 8b 07 40 38 b0 e2
0x00007ff88c005ad6:   2a 00 00 74 10 49 8b 4f 20 e8 7c 46 64 ff 3d 40
0x00007ff88c005ae6:   01 00 00 7c 06 66 89 77 30 eb 5f 39 74 24 48 75
0x00007ff88c005af6:   0a 41 83 fd 01 0f 84 a9 00 00 00 39 75 78 41 0f
0x00007ff88c005b06:   94 c4 83 7f 3c ff 74 19 44 38 67 31 74 13 49 8d
0x00007ff88c005b16:   4f 38 4d 8b c6 48 8d 15 8e 13 4f 01 e8 b9 c8 00
0x00007ff88c005b26:   00 44 88 67 31 8b ce 83 7d 08 06 41 0f b6 c4 0f
0x00007ff88c005b36:   44 c8 88 4f 30 83 7d 08 06 75 0a 48 8b cd e8 47 


Stack slot to memory mapping:
stack at sp + 0 slots: 0x0000022ceb108048 points into unknown readable memory: 0x0000366100003660 | 60 36 00 00 61 36 00 00
stack at sp + 1 slots: 0x0000022ceb107de8 points into unknown readable memory: 0x0000000000000000 | 00 00 00 00 00 00 00 00
stack at sp + 2 slots: 0x0 is NULL
stack at sp + 3 slots: 0x0000022c00000000 is an unknown value
stack at sp + 4 slots: 0x0000022ce9e51700 points into unknown readable memory: 0x00007ff88d434e58 | 58 4e 43 8d f8 7f 00 00
stack at sp + 5 slots: 0x0 is NULL
stack at sp + 6 slots: 0x0000022ce14de101 points into unknown readable memory: 00 00 00 00 00 00 00
stack at sp + 7 slots: 0x0 is NULL


---------------  P R O C E S S  ---------------

Threads class SMR info:
_java_thread_list=0x0000022ce150e200, length=17, elements={
0x0000022caf4e7220, 0x0000022cdd7d7870, 0x0000022cdd7d96f0, 0x0000022cdd7efe60,
0x0000022cdd7f2920, 0x0000022cdd7f32d0, 0x0000022cdd7f3c80, 0x0000022cdd7f7f10,
0x0000022cdd8019d0, 0x0000022cdd8043d0, 0x0000022cde1ad610, 0x0000022cde1ba4b0,
0x0000022cde1bb1c0, 0x0000022cde1c28e0, 0x0000022cde1c83f0, 0x0000022ce14d0bc0,
0x0000022ce15a9960
}

Java Threads: ( => current thread )
=>0x0000022caf4e7220 JavaThread "main" [_thread_in_native, id=31160, stack(0x0000006f0de00000,0x0000006f0df00000)]
  0x0000022cdd7d7870 JavaThread "Reference Handler" daemon [_thread_blocked, id=20244, stack(0x0000006f0e500000,0x0000006f0e600000)]
  0x0000022cdd7d96f0 JavaThread "Finalizer" daemon [_thread_blocked, id=15416, stack(0x0000006f0e600000,0x0000006f0e700000)]
  0x0000022cdd7efe60 JavaThread "Signal Dispatcher" daemon [_thread_blocked, id=11640, stack(0x0000006f0e700000,0x0000006f0e800000)]
  0x0000022cdd7f2920 JavaThread "Attach Listener" daemon [_thread_blocked, id=19736, stack(0x0000006f0e800000,0x0000006f0e900000)]
  0x0000022cdd7f32d0 JavaThread "Service Thread" daemon [_thread_blocked, id=25820, stack(0x0000006f0e900000,0x0000006f0ea00000)]
  0x0000022cdd7f3c80 JavaThread "Monitor Deflation Thread" daemon [_thread_blocked, id=4660, stack(0x0000006f0ea00000,0x0000006f0eb00000)]
  0x0000022cdd7f7f10 JavaThread "C2 CompilerThread0" daemon [_thread_blocked, id=16152, stack(0x0000006f0eb00000,0x0000006f0ec00000)]
  0x0000022cdd8019d0 JavaThread "C1 CompilerThread0" daemon [_thread_blocked, id=20060, stack(0x0000006f0ec00000,0x0000006f0ed00000)]
  0x0000022cdd8043d0 JavaThread "Sweeper thread" daemon [_thread_blocked, id=17948, stack(0x0000006f0ed00000,0x0000006f0ee00000)]
  0x0000022cde1ad610 JavaThread "JDWP Transport Listener: dt_socket" daemon [_thread_blocked, id=2796, stack(0x0000006f0ee00000,0x0000006f0ef00000)]
  0x0000022cde1ba4b0 JavaThread "JDWP Event Helper Thread" daemon [_thread_blocked, id=6288, stack(0x0000006f0ef00000,0x0000006f0f000000)]
  0x0000022cde1bb1c0 JavaThread "JDWP Command Reader" daemon [_thread_in_native, id=20308, stack(0x0000006f0f000000,0x0000006f0f100000)]
  0x0000022cde1c28e0 JavaThread "Notification Thread" daemon [_thread_blocked, id=14608, stack(0x0000006f0f100000,0x0000006f0f200000)]
  0x0000022cde1c83f0 JavaThread "Common-Cleaner" daemon [_thread_blocked, id=12448, stack(0x0000006f0f300000,0x0000006f0f400000)]
  0x0000022ce14d0bc0 JavaThread "C2 CompilerThread1" daemon [_thread_blocked, id=20816, stack(0x0000006f0f400000,0x0000006f0f500000)]
  0x0000022ce15a9960 JavaThread "C2 CompilerThread2" daemon [_thread_blocked, id=30052, stack(0x0000006f0f500000,0x0000006f0f600000)]

Other Threads:
  0x0000022cdd7d1c70 VMThread "VM Thread" [stack: 0x0000006f0e400000,0x0000006f0e500000] [id=18764]
  0x0000022cde1c2db0 WatcherThread [stack: 0x0000006f0f200000,0x0000006f0f300000] [id=26436]
  0x0000022caf59d8e0 GCTaskThread "GC Thread#0" [stack: 0x0000006f0df00000,0x0000006f0e000000] [id=20792]
  0x0000022cdf9048e0 GCTaskThread "GC Thread#1" [stack: 0x0000006f0f600000,0x0000006f0f700000] [id=15072]
  0x0000022cdf903b70 GCTaskThread "GC Thread#2" [stack: 0x0000006f0f700000,0x0000006f0f800000] [id=25628]
  0x0000022cdf9030b0 GCTaskThread "GC Thread#3" [stack: 0x0000006f0f800000,0x0000006f0f900000] [id=28076]
  0x0000022cdf903e20 GCTaskThread "GC Thread#4" [stack: 0x0000006f0f900000,0x0000006f0fa00000] [id=17092]
  0x0000022cdf903610 GCTaskThread "GC Thread#5" [stack: 0x0000006f0fa00000,0x0000006f0fb00000] [id=17924]
  0x0000022cdf9040d0 GCTaskThread "GC Thread#6" [stack: 0x0000006f0fb00000,0x0000006f0fc00000] [id=23908]
  0x0000022cdf904380 GCTaskThread "GC Thread#7" [stack: 0x0000006f0fc00000,0x0000006f0fd00000] [id=24264]
  0x0000022cdf904630 GCTaskThread "GC Thread#8" [stack: 0x0000006f0fd00000,0x0000006f0fe00000] [id=29452]
  0x0000022cdf9038c0 GCTaskThread "GC Thread#9" [stack: 0x0000006f0fe00000,0x0000006f0ff00000] [id=6244]
  0x0000022caf5b0680 ConcurrentGCThread "G1 Main Marker" [stack: 0x0000006f0e000000,0x0000006f0e100000] [id=4656]
  0x0000022caf5b1830 ConcurrentGCThread "G1 Conc#0" [stack: 0x0000006f0e100000,0x0000006f0e200000] [id=2768]
  0x0000022cdd70f970 ConcurrentGCThread "G1 Refine#0" [stack: 0x0000006f0e200000,0x0000006f0e300000] [id=15224]
  0x0000022cdd710390 ConcurrentGCThread "G1 Service" [stack: 0x0000006f0e300000,0x0000006f0e400000] [id=12124]

Threads with active compile tasks:

VM state: not at safepoint (normal execution)

VM Mutex/Monitor currently owned by a thread: None

Heap address: 0x0000000603800000, size: 8136 MB, Compressed Oops mode: Zero based, Oop shift amount: 3

CDS archive(s) mapped at: [0x0000000800000000-0x0000000800bc0000-0x0000000800bc0000), size 12320768, SharedBaseAddress: 0x0000000800000000, ArchiveRelocationMode: 0.
Compressed class space mapped at: 0x0000000800c00000-0x0000000840c00000, reserved size: 1073741824
Narrow klass base: 0x0000000800000000, Narrow klass shift: 0, Narrow klass range: 0x100000000

GC Precious Log:
 CPUs: 12 total, 12 available
 Memory: 32540M
 Large Page Support: Disabled
 NUMA Support: Disabled
 Compressed Oops: Enabled (Zero based)
 Heap Region Size: 4M
 Heap Min Capacity: 8M
 Heap Initial Capacity: 512M
 Heap Max Capacity: 8136M
 Pre-touch: Disabled
 Parallel Workers: 10
 Concurrent Workers: 3
 Concurrent Refinement Workers: 10
 Periodic GC: Disabled

Heap:
 garbage-first heap   total 524288K, used 19819K [0x0000000603800000, 0x0000000800000000)
  region size 4096K, 6 young (24576K), 1 survivors (4096K)
 Metaspace       used 13495K, committed 13760K, reserved 1064960K
  class space    used 1256K, committed 1408K, reserved 1048576K

Heap Regions: E=young(eden), S=young(survivor), O=old, HS=humongous(starts), HC=humongous(continues), CS=collection set, F=free, OA=open archive, CA=closed archive, TAMS=top-at-mark-start (previous, next)
|   0|0x0000000603800000, 0x0000000603800000, 0x0000000603c00000|  0%| F|  |TAMS 0x0000000603800000, 0x0000000603800000| Untracked 
|   1|0x0000000603c00000, 0x0000000603c00000, 0x0000000604000000|  0%| F|  |TAMS 0x0000000603c00000, 0x0000000603c00000| Untracked 
|   2|0x0000000604000000, 0x0000000604000000, 0x0000000604400000|  0%| F|  |TAMS 0x0000000604000000, 0x0000000604000000| Untracked 
|   3|0x0000000604400000, 0x0000000604400000, 0x0000000604800000|  0%| F|  |TAMS 0x0000000604400000, 0x0000000604400000| Untracked 
|   4|0x0000000604800000, 0x0000000604800000, 0x0000000604c00000|  0%| F|  |TAMS 0x0000000604800000, 0x0000000604800000| Untracked 
|   5|0x0000000604c00000, 0x0000000604c00000, 0x0000000605000000|  0%| F|  |TAMS 0x0000000604c00000, 0x0000000604c00000| Untracked 
|   6|0x0000000605000000, 0x0000000605000000, 0x0000000605400000|  0%| F|  |TAMS 0x0000000605000000, 0x0000000605000000| Untracked 
|   7|0x0000000605400000, 0x0000000605400000, 0x0000000605800000|  0%| F|  |TAMS 0x0000000605400000, 0x0000000605400000| Untracked 
|   8|0x0000000605800000, 0x0000000605800000, 0x0000000605c00000|  0%| F|  |TAMS 0x0000000605800000, 0x0000000605800000| Untracked 
|   9|0x0000000605c00000, 0x0000000605c00000, 0x0000000606000000|  0%| F|  |TAMS 0x0000000605c00000, 0x0000000605c00000| Untracked 
|  10|0x0000000606000000, 0x0000000606000000, 0x0000000606400000|  0%| F|  |TAMS 0x0000000606000000, 0x0000000606000000| Untracked 
|  11|0x0000000606400000, 0x0000000606400000, 0x0000000606800000|  0%| F|  |TAMS 0x0000000606400000, 0x0000000606400000| Untracked 
|  12|0x0000000606800000, 0x0000000606800000, 0x0000000606c00000|  0%| F|  |TAMS 0x0000000606800000, 0x0000000606800000| Untracked 
|  13|0x0000000606c00000, 0x0000000606c00000, 0x0000000607000000|  0%| F|  |TAMS 0x0000000606c00000, 0x0000000606c00000| Untracked 
|  14|0x0000000607000000, 0x0000000607000000, 0x0000000607400000|  0%| F|  |TAMS 0x0000000607000000, 0x0000000607000000| Untracked 
|  15|0x0000000607400000, 0x0000000607400000, 0x0000000607800000|  0%| F|  |TAMS 0x0000000607400000, 0x0000000607400000| Untracked 
|  16|0x0000000607800000, 0x0000000607800000, 0x0000000607c00000|  0%| F|  |TAMS 0x0000000607800000, 0x0000000607800000| Untracked 
|  17|0x0000000607c00000, 0x0000000607c00000, 0x0000000608000000|  0%| F|  |TAMS 0x0000000607c00000, 0x0000000607c00000| Untracked 
|  18|0x0000000608000000, 0x0000000608000000, 0x0000000608400000|  0%| F|  |TAMS 0x0000000608000000, 0x0000000608000000| Untracked 
|  19|0x0000000608400000, 0x0000000608400000, 0x0000000608800000|  0%| F|  |TAMS 0x0000000608400000, 0x0000000608400000| Untracked 
|  20|0x0000000608800000, 0x0000000608800000, 0x0000000608c00000|  0%| F|  |TAMS 0x0000000608800000, 0x0000000608800000| Untracked 
|  21|0x0000000608c00000, 0x0000000608c00000, 0x0000000609000000|  0%| F|  |TAMS 0x0000000608c00000, 0x0000000608c00000| Untracked 
|  22|0x0000000609000000, 0x0000000609000000, 0x0000000609400000|  0%| F|  |TAMS 0x0000000609000000, 0x0000000609000000| Untracked 
|  23|0x0000000609400000, 0x0000000609400000, 0x0000000609800000|  0%| F|  |TAMS 0x0000000609400000, 0x0000000609400000| Untracked 
|  24|0x0000000609800000, 0x0000000609800000, 0x0000000609c00000|  0%| F|  |TAMS 0x0000000609800000, 0x0000000609800000| Untracked 
|  25|0x0000000609c00000, 0x0000000609c00000, 0x000000060a000000|  0%| F|  |TAMS 0x0000000609c00000, 0x0000000609c00000| Untracked 
|  26|0x000000060a000000, 0x000000060a000000, 0x000000060a400000|  0%| F|  |TAMS 0x000000060a000000, 0x000000060a000000| Untracked 
|  27|0x000000060a400000, 0x000000060a400000, 0x000000060a800000|  0%| F|  |TAMS 0x000000060a400000, 0x000000060a400000| Untracked 
|  28|0x000000060a800000, 0x000000060a800000, 0x000000060ac00000|  0%| F|  |TAMS 0x000000060a800000, 0x000000060a800000| Untracked 
|  29|0x000000060ac00000, 0x000000060ac00000, 0x000000060b000000|  0%| F|  |TAMS 0x000000060ac00000, 0x000000060ac00000| Untracked 
|  30|0x000000060b000000, 0x000000060b000000, 0x000000060b400000|  0%| F|  |TAMS 0x000000060b000000, 0x000000060b000000| Untracked 
|  31|0x000000060b400000, 0x000000060b400000, 0x000000060b800000|  0%| F|  |TAMS 0x000000060b400000, 0x000000060b400000| Untracked 
|  32|0x000000060b800000, 0x000000060b800000, 0x000000060bc00000|  0%| F|  |TAMS 0x000000060b800000, 0x000000060b800000| Untracked 
|  33|0x000000060bc00000, 0x000000060bc00000, 0x000000060c000000|  0%| F|  |TAMS 0x000000060bc00000, 0x000000060bc00000| Untracked 
|  34|0x000000060c000000, 0x000000060c000000, 0x000000060c400000|  0%| F|  |TAMS 0x000000060c000000, 0x000000060c000000| Untracked 
|  35|0x000000060c400000, 0x000000060c400000, 0x000000060c800000|  0%| F|  |TAMS 0x000000060c400000, 0x000000060c400000| Untracked 
|  36|0x000000060c800000, 0x000000060c800000, 0x000000060cc00000|  0%| F|  |TAMS 0x000000060c800000, 0x000000060c800000| Untracked 
|  37|0x000000060cc00000, 0x000000060cc00000, 0x000000060d000000|  0%| F|  |TAMS 0x000000060cc00000, 0x000000060cc00000| Untracked 
|  38|0x000000060d000000, 0x000000060d000000, 0x000000060d400000|  0%| F|  |TAMS 0x000000060d000000, 0x000000060d000000| Untracked 
|  39|0x000000060d400000, 0x000000060d400000, 0x000000060d800000|  0%| F|  |TAMS 0x000000060d400000, 0x000000060d400000| Untracked 
|  40|0x000000060d800000, 0x000000060d800000, 0x000000060dc00000|  0%| F|  |TAMS 0x000000060d800000, 0x000000060d800000| Untracked 
|  41|0x000000060dc00000, 0x000000060dc00000, 0x000000060e000000|  0%| F|  |TAMS 0x000000060dc00000, 0x000000060dc00000| Untracked 
|  42|0x000000060e000000, 0x000000060e000000, 0x000000060e400000|  0%| F|  |TAMS 0x000000060e000000, 0x000000060e000000| Untracked 
|  43|0x000000060e400000, 0x000000060e400000, 0x000000060e800000|  0%| F|  |TAMS 0x000000060e400000, 0x000000060e400000| Untracked 
|  44|0x000000060e800000, 0x000000060e800000, 0x000000060ec00000|  0%| F|  |TAMS 0x000000060e800000, 0x000000060e800000| Untracked 
|  45|0x000000060ec00000, 0x000000060ec00000, 0x000000060f000000|  0%| F|  |TAMS 0x000000060ec00000, 0x000000060ec00000| Untracked 
|  46|0x000000060f000000, 0x000000060f000000, 0x000000060f400000|  0%| F|  |TAMS 0x000000060f000000, 0x000000060f000000| Untracked 
|  47|0x000000060f400000, 0x000000060f400000, 0x000000060f800000|  0%| F|  |TAMS 0x000000060f400000, 0x000000060f400000| Untracked 
|  48|0x000000060f800000, 0x000000060f800000, 0x000000060fc00000|  0%| F|  |TAMS 0x000000060f800000, 0x000000060f800000| Untracked 
|  49|0x000000060fc00000, 0x000000060fc00000, 0x0000000610000000|  0%| F|  |TAMS 0x000000060fc00000, 0x000000060fc00000| Untracked 
|  50|0x0000000610000000, 0x0000000610000000, 0x0000000610400000|  0%| F|  |TAMS 0x0000000610000000, 0x0000000610000000| Untracked 
|  51|0x0000000610400000, 0x0000000610400000, 0x0000000610800000|  0%| F|  |TAMS 0x0000000610400000, 0x0000000610400000| Untracked 
|  52|0x0000000610800000, 0x0000000610800000, 0x0000000610c00000|  0%| F|  |TAMS 0x0000000610800000, 0x0000000610800000| Untracked 
|  53|0x0000000610c00000, 0x0000000610c00000, 0x0000000611000000|  0%| F|  |TAMS 0x0000000610c00000, 0x0000000610c00000| Untracked 
|  54|0x0000000611000000, 0x0000000611000000, 0x0000000611400000|  0%| F|  |TAMS 0x0000000611000000, 0x0000000611000000| Untracked 
|  55|0x0000000611400000, 0x0000000611400000, 0x0000000611800000|  0%| F|  |TAMS 0x0000000611400000, 0x0000000611400000| Untracked 
|  56|0x0000000611800000, 0x0000000611800000, 0x0000000611c00000|  0%| F|  |TAMS 0x0000000611800000, 0x0000000611800000| Untracked 
|  57|0x0000000611c00000, 0x0000000611c00000, 0x0000000612000000|  0%| F|  |TAMS 0x0000000611c00000, 0x0000000611c00000| Untracked 
|  58|0x0000000612000000, 0x0000000612000000, 0x0000000612400000|  0%| F|  |TAMS 0x0000000612000000, 0x0000000612000000| Untracked 
|  59|0x0000000612400000, 0x0000000612400000, 0x0000000612800000|  0%| F|  |TAMS 0x0000000612400000, 0x0000000612400000| Untracked 
|  60|0x0000000612800000, 0x0000000612800000, 0x0000000612c00000|  0%| F|  |TAMS 0x0000000612800000, 0x0000000612800000| Untracked 
|  61|0x0000000612c00000, 0x0000000612c00000, 0x0000000613000000|  0%| F|  |TAMS 0x0000000612c00000, 0x0000000612c00000| Untracked 
|  62|0x0000000613000000, 0x0000000613000000, 0x0000000613400000|  0%| F|  |TAMS 0x0000000613000000, 0x0000000613000000| Untracked 
|  63|0x0000000613400000, 0x0000000613400000, 0x0000000613800000|  0%| F|  |TAMS 0x0000000613400000, 0x0000000613400000| Untracked 
|  64|0x0000000613800000, 0x0000000613800000, 0x0000000613c00000|  0%| F|  |TAMS 0x0000000613800000, 0x0000000613800000| Untracked 
|  65|0x0000000613c00000, 0x0000000613c00000, 0x0000000614000000|  0%| F|  |TAMS 0x0000000613c00000, 0x0000000613c00000| Untracked 
|  66|0x0000000614000000, 0x0000000614000000, 0x0000000614400000|  0%| F|  |TAMS 0x0000000614000000, 0x0000000614000000| Untracked 
|  67|0x0000000614400000, 0x0000000614400000, 0x0000000614800000|  0%| F|  |TAMS 0x0000000614400000, 0x0000000614400000| Untracked 
|  68|0x0000000614800000, 0x0000000614800000, 0x0000000614c00000|  0%| F|  |TAMS 0x0000000614800000, 0x0000000614800000| Untracked 
|  69|0x0000000614c00000, 0x0000000614c00000, 0x0000000615000000|  0%| F|  |TAMS 0x0000000614c00000, 0x0000000614c00000| Untracked 
|  70|0x0000000615000000, 0x0000000615000000, 0x0000000615400000|  0%| F|  |TAMS 0x0000000615000000, 0x0000000615000000| Untracked 
|  71|0x0000000615400000, 0x0000000615400000, 0x0000000615800000|  0%| F|  |TAMS 0x0000000615400000, 0x0000000615400000| Untracked 
|  72|0x0000000615800000, 0x0000000615800000, 0x0000000615c00000|  0%| F|  |TAMS 0x0000000615800000, 0x0000000615800000| Untracked 
|  73|0x0000000615c00000, 0x0000000615c00000, 0x0000000616000000|  0%| F|  |TAMS 0x0000000615c00000, 0x0000000615c00000| Untracked 
|  74|0x0000000616000000, 0x0000000616000000, 0x0000000616400000|  0%| F|  |TAMS 0x0000000616000000, 0x0000000616000000| Untracked 
|  75|0x0000000616400000, 0x0000000616400000, 0x0000000616800000|  0%| F|  |TAMS 0x0000000616400000, 0x0000000616400000| Untracked 
|  76|0x0000000616800000, 0x0000000616800000, 0x0000000616c00000|  0%| F|  |TAMS 0x0000000616800000, 0x0000000616800000| Untracked 
|  77|0x0000000616c00000, 0x0000000616c00000, 0x0000000617000000|  0%| F|  |TAMS 0x0000000616c00000, 0x0000000616c00000| Untracked 
|  78|0x0000000617000000, 0x0000000617000000, 0x0000000617400000|  0%| F|  |TAMS 0x0000000617000000, 0x0000000617000000| Untracked 
|  79|0x0000000617400000, 0x0000000617400000, 0x0000000617800000|  0%| F|  |TAMS 0x0000000617400000, 0x0000000617400000| Untracked 
|  80|0x0000000617800000, 0x0000000617800000, 0x0000000617c00000|  0%| F|  |TAMS 0x0000000617800000, 0x0000000617800000| Untracked 
|  81|0x0000000617c00000, 0x0000000617c00000, 0x0000000618000000|  0%| F|  |TAMS 0x0000000617c00000, 0x0000000617c00000| Untracked 
|  82|0x0000000618000000, 0x0000000618000000, 0x0000000618400000|  0%| F|  |TAMS 0x0000000618000000, 0x0000000618000000| Untracked 
|  83|0x0000000618400000, 0x0000000618400000, 0x0000000618800000|  0%| F|  |TAMS 0x0000000618400000, 0x0000000618400000| Untracked 
|  84|0x0000000618800000, 0x0000000618800000, 0x0000000618c00000|  0%| F|  |TAMS 0x0000000618800000, 0x0000000618800000| Untracked 
|  85|0x0000000618c00000, 0x0000000618c00000, 0x0000000619000000|  0%| F|  |TAMS 0x0000000618c00000, 0x0000000618c00000| Untracked 
|  86|0x0000000619000000, 0x0000000619000000, 0x0000000619400000|  0%| F|  |TAMS 0x0000000619000000, 0x0000000619000000| Untracked 
|  87|0x0000000619400000, 0x0000000619400000, 0x0000000619800000|  0%| F|  |TAMS 0x0000000619400000, 0x0000000619400000| Untracked 
|  88|0x0000000619800000, 0x0000000619800000, 0x0000000619c00000|  0%| F|  |TAMS 0x0000000619800000, 0x0000000619800000| Untracked 
|  89|0x0000000619c00000, 0x0000000619c00000, 0x000000061a000000|  0%| F|  |TAMS 0x0000000619c00000, 0x0000000619c00000| Untracked 
|  90|0x000000061a000000, 0x000000061a000000, 0x000000061a400000|  0%| F|  |TAMS 0x000000061a000000, 0x000000061a000000| Untracked 
|  91|0x000000061a400000, 0x000000061a400000, 0x000000061a800000|  0%| F|  |TAMS 0x000000061a400000, 0x000000061a400000| Untracked 
|  92|0x000000061a800000, 0x000000061a800000, 0x000000061ac00000|  0%| F|  |TAMS 0x000000061a800000, 0x000000061a800000| Untracked 
|  93|0x000000061ac00000, 0x000000061ac00000, 0x000000061b000000|  0%| F|  |TAMS 0x000000061ac00000, 0x000000061ac00000| Untracked 
|  94|0x000000061b000000, 0x000000061b000000, 0x000000061b400000|  0%| F|  |TAMS 0x000000061b000000, 0x000000061b000000| Untracked 
|  95|0x000000061b400000, 0x000000061b400000, 0x000000061b800000|  0%| F|  |TAMS 0x000000061b400000, 0x000000061b400000| Untracked 
|  96|0x000000061b800000, 0x000000061b800000, 0x000000061bc00000|  0%| F|  |TAMS 0x000000061b800000, 0x000000061b800000| Untracked 
|  97|0x000000061bc00000, 0x000000061bc00000, 0x000000061c000000|  0%| F|  |TAMS 0x000000061bc00000, 0x000000061bc00000| Untracked 
|  98|0x000000061c000000, 0x000000061c000000, 0x000000061c400000|  0%| F|  |TAMS 0x000000061c000000, 0x000000061c000000| Untracked 
|  99|0x000000061c400000, 0x000000061c400000, 0x000000061c800000|  0%| F|  |TAMS 0x000000061c400000, 0x000000061c400000| Untracked 
| 100|0x000000061c800000, 0x000000061c800000, 0x000000061cc00000|  0%| F|  |TAMS 0x000000061c800000, 0x000000061c800000| Untracked 
| 101|0x000000061cc00000, 0x000000061cc00000, 0x000000061d000000|  0%| F|  |TAMS 0x000000061cc00000, 0x000000061cc00000| Untracked 
| 102|0x000000061d000000, 0x000000061d000000, 0x000000061d400000|  0%| F|  |TAMS 0x000000061d000000, 0x000000061d000000| Untracked 
| 103|0x000000061d400000, 0x000000061d400000, 0x000000061d800000|  0%| F|  |TAMS 0x000000061d400000, 0x000000061d400000| Untracked 
| 104|0x000000061d800000, 0x000000061d800000, 0x000000061dc00000|  0%| F|  |TAMS 0x000000061d800000, 0x000000061d800000| Untracked 
| 105|0x000000061dc00000, 0x000000061dc00000, 0x000000061e000000|  0%| F|  |TAMS 0x000000061dc00000, 0x000000061dc00000| Untracked 
| 106|0x000000061e000000, 0x000000061e000000, 0x000000061e400000|  0%| F|  |TAMS 0x000000061e000000, 0x000000061e000000| Untracked 
| 107|0x000000061e400000, 0x000000061e400000, 0x000000061e800000|  0%| F|  |TAMS 0x000000061e400000, 0x000000061e400000| Untracked 
| 108|0x000000061e800000, 0x000000061e800000, 0x000000061ec00000|  0%| F|  |TAMS 0x000000061e800000, 0x000000061e800000| Untracked 
| 109|0x000000061ec00000, 0x000000061ec00000, 0x000000061f000000|  0%| F|  |TAMS 0x000000061ec00000, 0x000000061ec00000| Untracked 
| 110|0x000000061f000000, 0x000000061f000000, 0x000000061f400000|  0%| F|  |TAMS 0x000000061f000000, 0x000000061f000000| Untracked 
| 111|0x000000061f400000, 0x000000061f400000, 0x000000061f800000|  0%| F|  |TAMS 0x000000061f400000, 0x000000061f400000| Untracked 
| 112|0x000000061f800000, 0x000000061f800000, 0x000000061fc00000|  0%| F|  |TAMS 0x000000061f800000, 0x000000061f800000| Untracked 
| 113|0x000000061fc00000, 0x000000061fc00000, 0x0000000620000000|  0%| F|  |TAMS 0x000000061fc00000, 0x000000061fc00000| Untracked 
| 114|0x0000000620000000, 0x0000000620000000, 0x0000000620400000|  0%| F|  |TAMS 0x0000000620000000, 0x0000000620000000| Untracked 
| 115|0x0000000620400000, 0x0000000620400000, 0x0000000620800000|  0%| F|  |TAMS 0x0000000620400000, 0x0000000620400000| Untracked 
| 116|0x0000000620800000, 0x0000000620800000, 0x0000000620c00000|  0%| F|  |TAMS 0x0000000620800000, 0x0000000620800000| Untracked 
| 117|0x0000000620c00000, 0x0000000620c00000, 0x0000000621000000|  0%| F|  |TAMS 0x0000000620c00000, 0x0000000620c00000| Untracked 
| 118|0x0000000621000000, 0x0000000621000000, 0x0000000621400000|  0%| F|  |TAMS 0x0000000621000000, 0x0000000621000000| Untracked 
| 119|0x0000000621400000, 0x0000000621400000, 0x0000000621800000|  0%| F|  |TAMS 0x0000000621400000, 0x0000000621400000| Untracked 
| 120|0x0000000621800000, 0x0000000621800000, 0x0000000621c00000|  0%| F|  |TAMS 0x0000000621800000, 0x0000000621800000| Untracked 
| 121|0x0000000621c00000, 0x0000000621f5acb8, 0x0000000622000000| 83%| S|CS|TAMS 0x0000000621c00000, 0x0000000621c00000| Complete 
| 122|0x0000000622000000, 0x0000000622000000, 0x0000000622400000|  0%| F|  |TAMS 0x0000000622000000, 0x0000000622000000| Untracked 
| 123|0x0000000622400000, 0x000000062255a8e8, 0x0000000622800000| 33%| E|  |TAMS 0x0000000622400000, 0x0000000622400000| Complete 
| 124|0x0000000622800000, 0x0000000622c00000, 0x0000000622c00000|100%| E|CS|TAMS 0x0000000622800000, 0x0000000622800000| Complete 
| 125|0x0000000622c00000, 0x0000000623000000, 0x0000000623000000|100%| E|CS|TAMS 0x0000000622c00000, 0x0000000622c00000| Complete 
| 126|0x0000000623000000, 0x0000000623400000, 0x0000000623400000|100%| E|CS|TAMS 0x0000000623000000, 0x0000000623000000| Complete 
| 127|0x0000000623400000, 0x0000000623800000, 0x0000000623800000|100%| E|CS|TAMS 0x0000000623400000, 0x0000000623400000| Complete 

Card table byte_map: [0x0000022cc9430000,0x0000022cca420000] _byte_map_base: 0x0000022cc6414000

Marking Bits (Prev, Next): (CMBitMap*) 0x0000022caf59ef00, (CMBitMap*) 0x0000022caf59ef40
 Prev Bits: [0x0000022ccb410000, 0x0000022cd3330000)
 Next Bits: [0x0000022cd3330000, 0x0000022cdb250000)

Polling page: 0x0000022caf270000

Metaspace:

Usage:
  Non-class:     11.95 MB used.
      Class:      1.23 MB used.
       Both:     13.18 MB used.

Virtual space:
  Non-class space:       16.00 MB reserved,      12.06 MB ( 75%) committed,  2 nodes.
      Class space:        1.00 GB reserved,       1.38 MB ( <1%) committed,  1 nodes.
             Both:        1.02 GB reserved,      13.44 MB (  1%) committed. 

Chunk freelists:
   Non-Class:  3.48 MB
       Class:  2.55 MB
        Both:  6.03 MB

MaxMetaspaceSize: unlimited
CompressedClassSpaceSize: 1.00 GB
Initial GC threshold: 21.00 MB
Current GC threshold: 21.00 MB
CDS: on
MetaspaceReclaimPolicy: balanced
 - commit_granule_bytes: 65536.
 - commit_granule_words: 8192.
 - virtual_space_node_default_size: 1048576.
 - enlarge_chunks_in_place: 1.
 - new_chunks_are_fully_committed: 0.
 - uncommit_free_chunks: 1.
 - use_allocation_guard: 0.
 - handle_deallocations: 1.


Internal statistics:

num_allocs_failed_limit: 0.
num_arena_births: 176.
num_arena_deaths: 0.
num_vsnodes_births: 3.
num_vsnodes_deaths: 0.
num_space_committed: 213.
num_space_uncommitted: 0.
num_chunks_returned_to_freelist: 0.
num_chunks_taken_from_freelist: 501.
num_chunk_merges: 0.
num_chunk_splits: 346.
num_chunks_enlarged: 246.
num_purges: 0.
num_inconsistent_stats: 0.

CodeHeap 'non-profiled nmethods': size=120000Kb used=693Kb max_used=693Kb free=119306Kb
 bounds [0x0000022cc0260000, 0x0000022cc04d0000, 0x0000022cc7790000]
CodeHeap 'profiled nmethods': size=120000Kb used=2933Kb max_used=2933Kb free=117066Kb
 bounds [0x0000022cb8d30000, 0x0000022cb9010000, 0x0000022cc0260000]
CodeHeap 'non-nmethods': size=5760Kb used=1737Kb max_used=1763Kb free=4022Kb
 bounds [0x0000022cb8790000, 0x0000022cb8a00000, 0x0000022cb8d30000]
 total_blobs=2729 nmethods=1613 adapters=1029
 compilation: enabled
              stopped_count=0, restarted_count=0
 full_count=0

Compilation events (20 events):
Event: 1.715 Thread 0x0000022ce15a9960 nmethod 1589 0x0000022cc0305c10 code [0x0000022cc0305da0, 0x0000022cc0305f78]
Event: 1.715 Thread 0x0000022ce15a9960 1590       4       jdk.internal.icu.impl.NormalizerImpl::getDecomposition (143 bytes)
Event: 1.716 Thread 0x0000022cdd8019d0 nmethod 1607 0x0000022cb900c290 code [0x0000022cb900c460, 0x0000022cb900c968]
Event: 1.716 Thread 0x0000022cdd8019d0 1613       3       java.nio.CharBuffer::hasArray (20 bytes)
Event: 1.716 Thread 0x0000022cdd8019d0 nmethod 1613 0x0000022cb900cb90 code [0x0000022cb900cd20, 0x0000022cb900ced8]
Event: 1.716 Thread 0x0000022cdd8019d0 1614       3       java.nio.ByteBuffer::hasArray (20 bytes)
Event: 1.716 Thread 0x0000022cdd8019d0 nmethod 1614 0x0000022cb900cf90 code [0x0000022cb900d120, 0x0000022cb900d2d8]
Event: 1.716 Thread 0x0000022cdd8019d0 1615       3       java.nio.charset.CoderResult::isOverflow (14 bytes)
Event: 1.716 Thread 0x0000022cdd8019d0 nmethod 1615 0x0000022cb900d390 code [0x0000022cb900d520, 0x0000022cb900d698]
Event: 1.721 Thread 0x0000022cdd7f7f10 nmethod 1547 0x0000022cc0306590 code [0x0000022cc0306760, 0x0000022cc0308028]
Event: 1.721 Thread 0x0000022cdd7f7f10 1591       4       java.lang.String::<init> (15 bytes)
Event: 1.722 Thread 0x0000022cdd7f7f10 nmethod 1591 0x0000022cc0308910 code [0x0000022cc0308a80, 0x0000022cc0308bf8]
Event: 1.722 Thread 0x0000022cdd7f7f10 1606       4       java.lang.String::checkIndex (48 bytes)
Event: 1.723 Thread 0x0000022cdd7f7f10 nmethod 1606 0x0000022cc0308c90 code [0x0000022cc0308e00, 0x0000022cc0308e98]
Event: 1.723 Thread 0x0000022cdd7f7f10 1608       4       java.lang.StringUTF16::charAt (11 bytes)
Event: 1.723 Thread 0x0000022cdd7f7f10 nmethod 1608 0x0000022cc0308f90 code [0x0000022cc0309100, 0x0000022cc03091b8]
Event: 1.723 Thread 0x0000022cdd7f7f10 1592       4       jdk.internal.icu.util.CodePointTrie$Fast::cpIndex (38 bytes)
Event: 1.724 Thread 0x0000022cdd7f7f10 nmethod 1592 0x0000022cc0309290 code [0x0000022cc0309400, 0x0000022cc03094f8]
Event: 1.725 Thread 0x0000022ce14d0bc0 nmethod 1588 0x0000022cc0309610 code [0x0000022cc0309800, 0x0000022cc030a998]
Event: 1.733 Thread 0x0000022ce15a9960 nmethod 1590 0x0000022cc030b410 code [0x0000022cc030b600, 0x0000022cc030ca48]

GC Heap History (2 events):
Event: 0.670 GC heap before
{Heap before GC invocations=0 (full 0):
 garbage-first heap   total 524288K, used 24576K [0x0000000603800000, 0x0000000800000000)
  region size 4096K, 6 young (24576K), 0 survivors (0K)
 Metaspace       used 4561K, committed 4736K, reserved 1056768K
  class space    used 541K, committed 640K, reserved 1048576K
}
Event: 0.674 GC heap after
{Heap after GC invocations=1 (full 0):
 garbage-first heap   total 524288K, used 3435K [0x0000000603800000, 0x0000000800000000)
  region size 4096K, 1 young (4096K), 1 survivors (4096K)
 Metaspace       used 4561K, committed 4736K, reserved 1056768K
  class space    used 541K, committed 640K, reserved 1048576K
}

Deoptimization events (20 events):
Event: 1.698 Thread 0x0000022caf4e7220 Uncommon trap: trap_request=0xffffff45 fr.pc=0x0000022cc027afe0 relative=0x0000000000000460
Event: 1.698 Thread 0x0000022caf4e7220 Uncommon trap: reason=unstable_if action=reinterpret pc=0x0000022cc027afe0 method=java.lang.StringUTF16.compress([CI[BII)I @ 20 c2
Event: 1.698 Thread 0x0000022caf4e7220 DEOPT PACKING pc=0x0000022cc027afe0 sp=0x0000006f0defd730
Event: 1.698 Thread 0x0000022caf4e7220 DEOPT UNPACKING pc=0x0000022cb87e23a3 sp=0x0000006f0defd6b0 mode 2
Event: 1.699 Thread 0x0000022caf4e7220 Uncommon trap: trap_request=0xffffff45 fr.pc=0x0000022cc02790c0 relative=0x0000000000000040
Event: 1.699 Thread 0x0000022caf4e7220 Uncommon trap: reason=unstable_if action=reinterpret pc=0x0000022cc02790c0 method=java.lang.StringLatin1.canEncode(I)Z @ 4 c2
Event: 1.699 Thread 0x0000022caf4e7220 DEOPT PACKING pc=0x0000022cc02790c0 sp=0x0000006f0defe620
Event: 1.699 Thread 0x0000022caf4e7220 DEOPT UNPACKING pc=0x0000022cb87e23a3 sp=0x0000006f0defe5c0 mode 2
Event: 1.699 Thread 0x0000022caf4e7220 Uncommon trap: trap_request=0xffffff45 fr.pc=0x0000022cc0298ba8 relative=0x0000000000000508
Event: 1.699 Thread 0x0000022caf4e7220 Uncommon trap: reason=unstable_if action=reinterpret pc=0x0000022cc0298ba8 method=java.lang.String.substring(II)Ljava/lang/String; @ 31 c2
Event: 1.699 Thread 0x0000022caf4e7220 DEOPT PACKING pc=0x0000022cc0298ba8 sp=0x0000006f0defe6d0
Event: 1.699 Thread 0x0000022caf4e7220 DEOPT UNPACKING pc=0x0000022cb87e23a3 sp=0x0000006f0defe6d0 mode 2
Event: 1.700 Thread 0x0000022caf4e7220 Uncommon trap: trap_request=0xffffff45 fr.pc=0x0000022cc026e454 relative=0x0000000000000434
Event: 1.700 Thread 0x0000022caf4e7220 Uncommon trap: reason=unstable_if action=reinterpret pc=0x0000022cc026e454 method=java.lang.StringLatin1.canEncode(I)Z @ 4 c2
Event: 1.700 Thread 0x0000022caf4e7220 DEOPT PACKING pc=0x0000022cc026e454 sp=0x0000006f0defe680
Event: 1.700 Thread 0x0000022caf4e7220 DEOPT UNPACKING pc=0x0000022cb87e23a3 sp=0x0000006f0defe620 mode 2
Event: 1.700 Thread 0x0000022caf4e7220 Uncommon trap: trap_request=0xffffff45 fr.pc=0x0000022cc027fb20 relative=0x00000000000001a0
Event: 1.700 Thread 0x0000022caf4e7220 Uncommon trap: reason=unstable_if action=reinterpret pc=0x0000022cc027fb20 method=java.lang.String.equals(Ljava/lang/Object;)Z @ 33 c2
Event: 1.700 Thread 0x0000022caf4e7220 DEOPT PACKING pc=0x0000022cc027fb20 sp=0x0000006f0defe730
Event: 1.700 Thread 0x0000022caf4e7220 DEOPT UNPACKING pc=0x0000022cb87e23a3 sp=0x0000006f0defe6d0 mode 2

Classes unloaded (0 events):
No events

Classes redefined (0 events):
No events

Internal exceptions (20 events):
Event: 0.960 Thread 0x0000022caf4e7220 Exception <a 'java/lang/NoSuchMethodError'{0x00000006233e53b0}: 'java.lang.Object java.lang.invoke.DirectMethodHandle$Holder.newInvokeSpecial(java.lang.Object, java.lang.Object, int)'> (0x00000006233e53b0) 
thrown [s\src\hotspot\share\interpreter\linkResolver.cpp, line 759]
Event: 0.961 Thread 0x0000022caf4e7220 Exception <a 'java/lang/NoSuchMethodError'{0x00000006233f3b38}: 'int java.lang.invoke.DirectMethodHandle$Holder.invokeStaticInit(java.lang.Object, java.lang.Object, long, long)'> (0x00000006233f3b38) 
thrown [s\src\hotspot\share\interpreter\linkResolver.cpp, line 759]
Event: 0.962 Thread 0x0000022caf4e7220 Exception <a 'java/lang/NoSuchMethodError'{0x00000006233f97e8}: 'java.lang.Object java.lang.invoke.DirectMethodHandle$Holder.newInvokeSpecial(java.lang.Object, java.lang.Object, long)'> (0x00000006233f97e8) 
thrown [s\src\hotspot\share\interpreter\linkResolver.cpp, line 759]
Event: 0.962 Thread 0x0000022caf4e7220 Exception <a 'java/lang/NoSuchMethodError'{0x00000006233fd0b0}: 'java.lang.Object java.lang.invoke.Invokers$Holder.linkToTargetMethod(java.lang.Object, long, java.lang.Object)'> (0x00000006233fd0b0) 
thrown [s\src\hotspot\share\interpreter\linkResolver.cpp, line 759]
Event: 0.963 Thread 0x0000022caf4e7220 Exception <a 'java/lang/NoSuchMethodError'{0x0000000622c04a10}: 'int java.lang.invoke.DirectMethodHandle$Holder.invokeStaticInit(java.lang.Object, java.lang.Object, java.lang.Object, long)'> (0x0000000622c04a10) 
thrown [s\src\hotspot\share\interpreter\linkResolver.cpp, line 759]
Event: 0.968 Thread 0x0000022caf4e7220 Exception <a 'sun/nio/fs/WindowsException'{0x0000000622c34ae8}> (0x0000000622c34ae8) 
thrown [s\src\hotspot\share\prims\jni.cpp, line 516]
Event: 0.968 Thread 0x0000022caf4e7220 Exception <a 'sun/nio/fs/WindowsException'{0x0000000622c34e78}> (0x0000000622c34e78) 
thrown [s\src\hotspot\share\prims\jni.cpp, line 516]
Event: 1.079 Thread 0x0000022caf4e7220 Exception <a 'java/lang/NoSuchMethodError'{0x0000000622947718}: 'int java.lang.invoke.DirectMethodHandle$Holder.invokeStaticInit(java.lang.Object, java.lang.Object, java.lang.Object)'> (0x0000000622947718) 
thrown [s\src\hotspot\share\interpreter\linkResolver.cpp, line 759]
Event: 1.087 Thread 0x0000022caf4e7220 Exception <a 'sun/nio/fs/WindowsException'{0x00000006229a5988}> (0x00000006229a5988) 
thrown [s\src\hotspot\share\prims\jni.cpp, line 516]
Event: 1.087 Thread 0x0000022caf4e7220 Exception <a 'sun/nio/fs/WindowsException'{0x00000006229a5ce8}> (0x00000006229a5ce8) 
thrown [s\src\hotspot\share\prims\jni.cpp, line 516]
Event: 1.589 Thread 0x0000022caf4e7220 Exception <a 'sun/nio/fs/WindowsException'{0x0000000622a36d80}> (0x0000000622a36d80) 
thrown [s\src\hotspot\share\prims\jni.cpp, line 516]
Event: 1.589 Thread 0x0000022caf4e7220 Exception <a 'sun/nio/fs/WindowsException'{0x0000000622a37128}> (0x0000000622a37128) 
thrown [s\src\hotspot\share\prims\jni.cpp, line 516]
Event: 1.607 Thread 0x0000022caf4e7220 Exception <a 'sun/nio/fs/WindowsException'{0x0000000622a4bdc0}> (0x0000000622a4bdc0) 
thrown [s\src\hotspot\share\prims\jni.cpp, line 516]
Event: 1.607 Thread 0x0000022caf4e7220 Exception <a 'sun/nio/fs/WindowsException'{0x0000000622a4c0a0}> (0x0000000622a4c0a0) 
thrown [s\src\hotspot\share\prims\jni.cpp, line 516]
Event: 1.679 Thread 0x0000022caf4e7220 Exception <a 'sun/nio/fs/WindowsException'{0x0000000622bcc6c0}> (0x0000000622bcc6c0) 
thrown [s\src\hotspot\share\prims\jni.cpp, line 516]
Event: 1.679 Thread 0x0000022caf4e7220 Exception <a 'sun/nio/fs/WindowsException'{0x0000000622bcc990}> (0x0000000622bcc990) 
thrown [s\src\hotspot\share\prims\jni.cpp, line 516]
Event: 1.687 Thread 0x0000022caf4e7220 Implicit null exception at 0x0000022cc027e3f7 to 0x0000022cc027ea7c
Event: 1.687 Thread 0x0000022caf4e7220 Implicit null exception at 0x0000022cc027fdf7 to 0x0000022cc0280464
Event: 1.716 Thread 0x0000022caf4e7220 Exception <a 'sun/nio/fs/WindowsException'{0x00000006224fb6c0}> (0x00000006224fb6c0) 
thrown [s\src\hotspot\share\prims\jni.cpp, line 516]
Event: 1.717 Thread 0x0000022caf4e7220 Exception <a 'sun/nio/fs/WindowsException'{0x00000006224fb9b8}> (0x00000006224fb9b8) 
thrown [s\src\hotspot\share\prims\jni.cpp, line 516]

VM Operations (20 events):
Event: 0.607 Executing VM operation: HandshakeAllThreads
Event: 0.607 Executing VM operation: HandshakeAllThreads done
Event: 0.636 Executing VM operation: HandshakeAllThreads
Event: 0.636 Executing VM operation: HandshakeAllThreads done
Event: 0.669 Executing VM operation: G1CollectForAllocation
Event: 0.674 Executing VM operation: G1CollectForAllocation done
Event: 0.674 Executing VM operation: Cleanup
Event: 0.674 Executing VM operation: Cleanup done
Event: 0.757 Executing VM operation: HandshakeAllThreads
Event: 0.757 Executing VM operation: HandshakeAllThreads done
Event: 0.800 Executing VM operation: HandshakeAllThreads
Event: 0.800 Executing VM operation: HandshakeAllThreads done
Event: 0.842 Executing VM operation: HandshakeAllThreads
Event: 0.842 Executing VM operation: HandshakeAllThreads done
Event: 0.922 Executing VM operation: HandshakeAllThreads
Event: 0.922 Executing VM operation: HandshakeAllThreads done
Event: 0.996 Executing VM operation: HandshakeAllThreads
Event: 0.996 Executing VM operation: HandshakeAllThreads done
Event: 1.001 Executing VM operation: HandshakeAllThreads
Event: 1.001 Executing VM operation: HandshakeAllThreads done

Events (20 events):
Event: 1.713 loading class jdk/internal/icu/text/NormalizerBase
Event: 1.714 loading class jdk/internal/icu/text/NormalizerBase done
Event: 1.714 loading class jdk/internal/icu/text/NormalizerBase$NONEMode
Event: 1.714 loading class jdk/internal/icu/text/NormalizerBase$NONEMode done
Event: 1.714 loading class jdk/internal/icu/text/NormalizerBase$NFDMode
Event: 1.714 loading class jdk/internal/icu/text/NormalizerBase$NFDMode done
Event: 1.714 loading class jdk/internal/icu/text/NormalizerBase$NFKDMode
Event: 1.714 loading class jdk/internal/icu/text/NormalizerBase$NFKDMode done
Event: 1.714 loading class jdk/internal/icu/text/NormalizerBase$NFCMode
Event: 1.714 loading class jdk/internal/icu/text/NormalizerBase$NFCMode done
Event: 1.714 loading class jdk/internal/icu/text/NormalizerBase$NFKCMode
Event: 1.714 loading class jdk/internal/icu/text/NormalizerBase$NFKCMode done
Event: 1.714 loading class jdk/internal/icu/text/UCharacterIterator
Event: 1.714 loading class jdk/internal/icu/text/UCharacterIterator done
Event: 1.714 loading class jdk/internal/icu/impl/ReplaceableUCharacterIterator
Event: 1.714 loading class jdk/internal/icu/impl/ReplaceableUCharacterIterator done
Event: 1.714 loading class jdk/internal/icu/text/ReplaceableString
Event: 1.714 loading class jdk/internal/icu/text/Replaceable
Event: 1.714 loading class jdk/internal/icu/text/Replaceable done
Event: 1.714 loading class jdk/internal/icu/text/ReplaceableString done


Dynamic libraries:
0x00007ff710750000 - 0x00007ff71075e000 	C:\Program Files\Eclipse Adoptium\jdk-17.0.4.101-hotspot\bin\java.exe
0x00007ff92dc90000 - 0x00007ff92de88000 	C:\windows\SYSTEM32\ntdll.dll
0x00007ff92d550000 - 0x00007ff92d60d000 	C:\windows\System32\KERNEL32.DLL
0x00007ff92b630000 - 0x00007ff92b8fe000 	C:\windows\System32\KERNELBASE.dll
0x00007ff927240000 - 0x00007ff927259000 	C:\Program Files\Eclipse Adoptium\jdk-17.0.4.101-hotspot\bin\VCRUNTIME140.dll
0x00007ff927220000 - 0x00007ff927238000 	C:\Program Files\Eclipse Adoptium\jdk-17.0.4.101-hotspot\bin\jli.dll
0x00007ff92b400000 - 0x00007ff92b500000 	C:\windows\System32\ucrtbase.dll
0x00007ff92d610000 - 0x00007ff92d7b0000 	C:\windows\System32\USER32.dll
0x00007ff90d730000 - 0x00007ff90d9ca000 	C:\windows\WinSxS\amd64_microsoft.windows.common-controls_6595b64144ccf1df_6.0.19041.1110_none_60b5254171f9507e\COMCTL32.dll
0x00007ff92cbd0000 - 0x00007ff92cc6e000 	C:\windows\System32\msvcrt.dll
0x00007ff92bb10000 - 0x00007ff92bb32000 	C:\windows\System32\win32u.dll
0x00007ff92cd20000 - 0x00007ff92cd4a000 	C:\windows\System32\GDI32.dll
0x00007ff92bb70000 - 0x00007ff92bc7b000 	C:\windows\System32\gdi32full.dll
0x00007ff92b500000 - 0x00007ff92b59d000 	C:\windows\System32\msvcp_win.dll
0x00007ff92cde0000 - 0x00007ff92ce10000 	C:\windows\System32\IMM32.DLL
0x00007ff927210000 - 0x00007ff92721c000 	C:\Program Files\Eclipse Adoptium\jdk-17.0.4.101-hotspot\bin\vcruntime140_1.dll
0x00007ff918790000 - 0x00007ff918821000 	C:\Program Files\Eclipse Adoptium\jdk-17.0.4.101-hotspot\bin\msvcp140.dll
0x00007ff8d4ed0000 - 0x00007ff8d5b16000 	C:\Program Files\Eclipse Adoptium\jdk-17.0.4.101-hotspot\bin\server\jvm.dll
0x00007ff92cc70000 - 0x00007ff92cd1e000 	C:\windows\System32\ADVAPI32.dll
0x00007ff92c220000 - 0x00007ff92c2bc000 	C:\windows\System32\sechost.dll
0x00007ff92d2e0000 - 0x00007ff92d405000 	C:\windows\System32\RPCRT4.dll
0x00007ff92cae0000 - 0x00007ff92cae8000 	C:\windows\System32\PSAPI.DLL
0x00007ff909d50000 - 0x00007ff909d59000 	C:\windows\SYSTEM32\WSOCK32.dll
0x00007ff910590000 - 0x00007ff9105b7000 	C:\windows\SYSTEM32\WINMM.dll
0x00007ff925100000 - 0x00007ff92510a000 	C:\windows\SYSTEM32\VERSION.dll
0x00007ff92ca70000 - 0x00007ff92cadb000 	C:\windows\System32\WS2_32.dll
0x00007ff929ba0000 - 0x00007ff929bb2000 	C:\windows\SYSTEM32\kernel.appcore.dll
0x00007ff927200000 - 0x00007ff92720a000 	C:\Program Files\Eclipse Adoptium\jdk-17.0.4.101-hotspot\bin\jimage.dll
0x00007ff9290a0000 - 0x00007ff929284000 	C:\windows\SYSTEM32\DBGHELP.DLL
0x00007ff90e430000 - 0x00007ff90e45c000 	C:\windows\SYSTEM32\dbgcore.DLL
0x00007ff92b5a0000 - 0x00007ff92b622000 	C:\windows\System32\bcryptPrimitives.dll
0x00007ff918750000 - 0x00007ff91878b000 	C:\Program Files\Eclipse Adoptium\jdk-17.0.4.101-hotspot\bin\jdwp.dll
0x00007ff918720000 - 0x00007ff918745000 	C:\Program Files\Eclipse Adoptium\jdk-17.0.4.101-hotspot\bin\java.dll
0x00007ff918640000 - 0x00007ff918716000 	C:\Program Files\Eclipse Adoptium\jdk-17.0.4.101-hotspot\bin\jsvml.dll
0x00007ff92c2c0000 - 0x00007ff92ca04000 	C:\windows\System32\SHELL32.dll
0x00007ff929290000 - 0x00007ff929a24000 	C:\windows\SYSTEM32\windows.storage.dll
0x00007ff92bcf0000 - 0x00007ff92c044000 	C:\windows\System32\combase.dll
0x00007ff92ae10000 - 0x00007ff92ae40000 	C:\windows\SYSTEM32\Wldp.dll
0x00007ff92db40000 - 0x00007ff92dbed000 	C:\windows\System32\SHCORE.dll
0x00007ff92ca10000 - 0x00007ff92ca65000 	C:\windows\System32\shlwapi.dll
0x00007ff92b2f0000 - 0x00007ff92b30f000 	C:\windows\SYSTEM32\profapi.dll
0x00007ff9271f0000 - 0x00007ff9271fc000 	C:\Program Files\Eclipse Adoptium\jdk-17.0.4.101-hotspot\bin\dt_socket.dll
0x00007ff92a810000 - 0x00007ff92a84b000 	C:\windows\SYSTEM32\IPHLPAPI.DLL
0x00007ff92ab70000 - 0x00007ff92abda000 	C:\windows\system32\mswsock.dll
0x00007ff92a860000 - 0x00007ff92a92a000 	C:\windows\SYSTEM32\DNSAPI.dll
0x00007ff92c0b0000 - 0x00007ff92c0b8000 	C:\windows\System32\NSI.dll
0x00007ff921f30000 - 0x00007ff921f3a000 	C:\Windows\System32\rasadhlp.dll
0x00007ff9273d0000 - 0x00007ff927450000 	C:\windows\System32\fwpuclnt.dll
0x00007ff92bb40000 - 0x00007ff92bb67000 	C:\windows\System32\bcrypt.dll
0x00007ff918620000 - 0x00007ff918639000 	C:\Program Files\Eclipse Adoptium\jdk-17.0.4.101-hotspot\bin\net.dll
0x00007ff92a400000 - 0x00007ff92a50a000 	C:\windows\SYSTEM32\WINHTTP.dll
0x00007ff918600000 - 0x00007ff918615000 	C:\Program Files\Eclipse Adoptium\jdk-17.0.4.101-hotspot\bin\nio.dll
0x00007ff9185e0000 - 0x00007ff9185f8000 	C:\Program Files\Eclipse Adoptium\jdk-17.0.4.101-hotspot\bin\zip.dll
0x00007ff925ce0000 - 0x00007ff925ce9000 	C:\Program Files\Eclipse Adoptium\jdk-17.0.4.101-hotspot\bin\management.dll
0x00007ff921d80000 - 0x00007ff921d8b000 	C:\Program Files\Eclipse Adoptium\jdk-17.0.4.101-hotspot\bin\management_ext.dll
0x00007ff90a0d0000 - 0x00007ff90a0e7000 	C:\windows\system32\napinsp.dll
0x00007ff90a140000 - 0x00007ff90a15b000 	C:\windows\system32\pnrpnsp.dll
0x00007ff927520000 - 0x00007ff927535000 	C:\windows\system32\wshbth.dll
0x00007ff925c30000 - 0x00007ff925c4d000 	C:\windows\system32\NLAapi.dll
0x00007ff90ca60000 - 0x00007ff90ca72000 	C:\windows\System32\winrnr.dll
0x00007ff9185d0000 - 0x00007ff9185e0000 	C:\Program Files\Eclipse Adoptium\jdk-17.0.4.101-hotspot\bin\verify.dll
0x00007ff90efe0000 - 0x00007ff90f055000 	C:\Users\mensb\AppData\Local\Temp\lwjglmensb\3.3.1-build-7\lwjgl.dll
0x00007ff8d4c70000 - 0x00007ff8d4ec9000 	C:\Users\mensb\AppData\Local\Temp\lwjglmensb\3.3.1-build-7\jemalloc.dll
0x00007ff9085d0000 - 0x00007ff908631000 	C:\Users\mensb\AppData\Local\Temp\lwjglmensb\3.3.1-build-7\glfw.dll
0x00007ff908b60000 - 0x00007ff908ba5000 	C:\windows\SYSTEM32\dinput8.dll
0x00007ff910110000 - 0x00007ff910262000 	C:\windows\SYSTEM32\inputhost.dll
0x00007ff927620000 - 0x00007ff927774000 	C:\windows\SYSTEM32\wintypes.dll
0x00007ff92c0c0000 - 0x00007ff92c18d000 	C:\windows\System32\OLEAUT32.dll
0x00007ff927f90000 - 0x00007ff928086000 	C:\windows\SYSTEM32\PROPSYS.dll
0x00007ff9257d0000 - 0x00007ff9258c2000 	C:\windows\SYSTEM32\CoreMessaging.dll
0x00007ff9245a0000 - 0x00007ff9248fe000 	C:\windows\SYSTEM32\CoreUIComponents.dll
0x00007ff929ea0000 - 0x00007ff929ed3000 	C:\windows\SYSTEM32\ntmarta.dll
0x00007ff9185b0000 - 0x00007ff9185c1000 	C:\windows\SYSTEM32\xinput1_4.dll
0x00007ff92b3b0000 - 0x00007ff92b3fe000 	C:\windows\System32\cfgmgr32.dll
0x00007ff92b160000 - 0x00007ff92b18c000 	C:\windows\SYSTEM32\DEVOBJ.dll
0x00007ff928c20000 - 0x00007ff928c4f000 	C:\windows\SYSTEM32\dwmapi.dll
0x00007ff928920000 - 0x00007ff9289be000 	C:\windows\system32\uxtheme.dll
0x00007ff92d430000 - 0x00007ff92d545000 	C:\windows\System32\MSCTF.dll
0x00007ff905030000 - 0x00007ff905157000 	C:\windows\SYSTEM32\opengl32.dll
0x00007ff907db0000 - 0x00007ff907ddc000 	C:\windows\SYSTEM32\GLU32.dll
0x00007ff92d7b0000 - 0x00007ff92d859000 	C:\windows\System32\clbcatq.dll
0x00007ff88b540000 - 0x00007ff88e060000 	C:\windows\System32\DriverStore\FileRepository\nvbl.inf_amd64_408c77f6bbc487d1\nvoglv64.dll
0x00007ff92ce70000 - 0x00007ff92d2df000 	C:\windows\System32\SETUPAPI.dll
0x00007ff92d860000 - 0x00007ff92d98a000 	C:\windows\System32\ole32.dll
0x00007ff926060000 - 0x00007ff926074000 	C:\windows\SYSTEM32\WTSAPI32.dll
0x00007ff92afa0000 - 0x00007ff92afb2000 	C:\windows\SYSTEM32\msasn1.dll
0x00007ff91f4a0000 - 0x00007ff91f4d1000 	C:\windows\SYSTEM32\cryptnet.dll
0x00007ff92b9b0000 - 0x00007ff92bb06000 	C:\windows\System32\CRYPT32.dll
0x00007ff91be00000 - 0x00007ff91bf48000 	C:\windows\SYSTEM32\drvstore.dll
0x00007ff92ad80000 - 0x00007ff92ad8c000 	C:\windows\SYSTEM32\cryptbase.dll
0x00007ff92bc80000 - 0x00007ff92bce8000 	C:\windows\System32\WINTRUST.dll
0x00007ff91ba30000 - 0x00007ff91ba6b000 	C:\windows\SYSTEM32\dxcore.dll
0x00007ff92a980000 - 0x00007ff92a9cb000 	C:\windows\SYSTEM32\powrprof.dll
0x00007ff92a7f0000 - 0x00007ff92a802000 	C:\windows\SYSTEM32\UMPDC.dll
0x00007ff92a050000 - 0x00007ff92a0aa000 	C:\windows\SYSTEM32\WINSTA.dll
0x00007ff929c80000 - 0x00007ff929d73000 	C:\windows\system32\dxgi.dll
0x00007ff9239d0000 - 0x00007ff923c33000 	C:\windows\system32\d3d11.dll
0x00007ff8f7c20000 - 0x00007ff8f7d26000 	C:\windows\System32\DriverStore\FileRepository\nvbl.inf_amd64_408c77f6bbc487d1\nvldumdx.dll
0x00007ff92d410000 - 0x00007ff92d42d000 	C:\windows\System32\imagehlp.dll
0x00007ff92ad60000 - 0x00007ff92ad78000 	C:\windows\SYSTEM32\CRYPTSP.dll
0x00007ff92a370000 - 0x00007ff92a3a4000 	C:\windows\system32\rsaenh.dll
0x00007ff895710000 - 0x00007ff89a117000 	C:\windows\System32\DriverStore\FileRepository\nvbl.inf_amd64_408c77f6bbc487d1\nvwgf2umx.dll
0x00007ff906fd0000 - 0x00007ff9076e8000 	C:\windows\SYSTEM32\nvapi64.dll
0x00007ff910270000 - 0x00007ff910369000 	C:\windows\SYSTEM32\textinputframework.dll
0x00007ff908ab0000 - 0x00007ff908b0d000 	C:\Users\mensb\AppData\Local\Temp\lwjglmensb\3.3.1-build-7\lwjgl_opengl.dll

dbghelp: loaded successfully - version: 4.0.5 - missing functions: none
symbol engine: initialized successfully - sym options: 0x614 - pdb path: .;C:\Program Files\Eclipse Adoptium\jdk-17.0.4.101-hotspot\bin;C:\windows\SYSTEM32;C:\windows\WinSxS\amd64_microsoft.windows.common-controls_6595b64144ccf1df_6.0.19041.1110_none_60b5254171f9507e;C:\Program Files\Eclipse Adoptium\jdk-17.0.4.101-hotspot\bin\server;C:\Users\mensb\AppData\Local\Temp\lwjglmensb\3.3.1-build-7;C:\windows\System32\DriverStore\FileRepository\nvbl.inf_amd64_408c77f6bbc487d1

VM Arguments:
jvm_args: -agentlib:jdwp=transport=dt_socket,server=n,suspend=y,address=localhost:61725 -XX:+ShowCodeDetailsInExceptionMessages 
java_command: nl.basmens.PuzzleGame
java_class_path (initial): C:\Users\mensb\dev\java\ray-tracing-puzzle\target\classes;C:\Users\mensb\.m2\repository\junit\junit\3.8.1\junit-3.8.1.jar;C:\Users\mensb\.m2\repository\org\apache\logging\log4j\log4j-api\2.17.1\log4j-api-2.17.1.jar;C:\Users\mensb\.m2\repository\org\apache\logging\log4j\log4j-core\2.17.1\log4j-core-2.17.1.jar;C:\Users\mensb\.m2\repository\org\lwjgl\lwjgl\3.3.1\lwjgl-3.3.1.jar;C:\Users\mensb\.m2\repository\org\lwjgl\lwjgl-assimp\3.3.1\lwjgl-assimp-3.3.1.jar;C:\Users\mensb\.m2\repository\org\lwjgl\lwjgl-bgfx\3.3.1\lwjgl-bgfx-3.3.1.jar;C:\Users\mensb\.m2\repository\org\lwjgl\lwjgl-cuda\3.3.1\lwjgl-cuda-3.3.1.jar;C:\Users\mensb\.m2\repository\org\lwjgl\lwjgl-egl\3.3.1\lwjgl-egl-3.3.1.jar;C:\Users\mensb\.m2\repository\org\lwjgl\lwjgl-glfw\3.3.1\lwjgl-glfw-3.3.1.jar;C:\Users\mensb\.m2\repository\org\lwjgl\lwjgl-jawt\3.3.1\lwjgl-jawt-3.3.1.jar;C:\Users\mensb\.m2\repository\org\lwjgl\lwjgl-jemalloc\3.3.1\lwjgl-jemalloc-3.3.1.jar;C:\Users\mensb\.m2\repository\org\lwjgl\lwjgl-libdivide\3.3.1\lwjgl-libdivide-3.3.1.jar;C:\Users\mensb\.m2\repository\org\lwjgl\lwjgl-llvm\3.3.1\lwjgl-llvm-3.3.1.jar;C:\Users\mensb\.m2\repository\org\lwjgl\lwjgl-lmdb\3.3.1\lwjgl-lmdb-3.3.1.jar;C:\Users\mensb\.m2\repository\org\lwjgl\lwjgl-lz4\3.3.1\lwjgl-lz4-3.3.1.jar;C:\Users\mensb\.m2\repository\org\lwjgl\lwjgl-meow\3.3.1\lwjgl-meow-3.3.1.jar;C:\Users\mensb\.m2\repository\org\lwjgl\lwjgl-meshoptimizer\3.3.1\lwjgl-meshoptimizer-3.3.1.jar;C:\Users\mensb\.m2\repository\org\lwjgl\lwjgl-nanovg\3.3.1\lwjgl-nanovg-3.3.1.jar;C:\Users\mensb\.m2\repository\org\lwjgl\lwjgl-nfd\3.3.1\lwjgl-nfd-3.3.1.jar;C:\Users\mensb\.m2\repository\org\lwjgl\lwjgl-nuklear\3.3.1\lwjgl-nuklear-3.3.1.jar;C:\Users\mensb\.m2\repository\org\lwjgl\lwjgl-odbc\3.3.1\lwjgl-odbc-3.3.1.jar;C:\Users\mensb\.m2\repository\org\lwjgl\lwjgl-openal\3.3.1\lwjgl-openal-3.3.1.jar;C:\Users\mensb\.m2\repository\org\lwjgl\lwjgl-opencl\3.3.1\lwjgl-opencl-3.3.1.jar;C:\Users\mensb\.m2\repository\org\lwjgl\lwjgl-opengl\3.3.1\
Launcher Type: SUN_STANDARD

[Global flags]
     intx CICompilerCount                          = 4                                         {product} {ergonomic}
     uint ConcGCThreads                            = 3                                         {product} {ergonomic}
     uint G1ConcRefinementThreads                  = 10                                        {product} {ergonomic}
   size_t G1HeapRegionSize                         = 4194304                                   {product} {ergonomic}
    uintx GCDrainStackTargetSize                   = 64                                        {product} {ergonomic}
   size_t InitialHeapSize                          = 536870912                                 {product} {ergonomic}
   size_t MarkStackSize                            = 4194304                                   {product} {ergonomic}
   size_t MaxHeapSize                              = 8531214336                                {product} {ergonomic}
   size_t MaxNewSize                               = 5117050880                                {product} {ergonomic}
   size_t MinHeapDeltaBytes                        = 4194304                                   {product} {ergonomic}
   size_t MinHeapSize                              = 8388608                                   {product} {ergonomic}
    uintx NonNMethodCodeHeapSize                   = 5839372                                {pd product} {ergonomic}
    uintx NonProfiledCodeHeapSize                  = 122909434                              {pd product} {ergonomic}
    uintx ProfiledCodeHeapSize                     = 122909434                              {pd product} {ergonomic}
    uintx ReservedCodeCacheSize                    = 251658240                              {pd product} {ergonomic}
     bool SegmentedCodeCache                       = true                                      {product} {ergonomic}
     bool ShowCodeDetailsInExceptionMessages       = true                                   {manageable} {command line}
   size_t SoftMaxHeapSize                          = 8531214336                             {manageable} {ergonomic}
     bool UseCompressedClassPointers               = true                           {product lp64_product} {ergonomic}
     bool UseCompressedOops                        = true                           {product lp64_product} {ergonomic}
     bool UseG1GC                                  = true                                      {product} {ergonomic}
     bool UseLargePagesIndividualAllocation        = false                                  {pd product} {ergonomic}

Logging:
Log output configuration:
 #0: stdout all=warning uptime,level,tags
 #1: stderr all=off uptime,level,tags

Environment Variables:
JAVA_HOME=C:\Program Files\Eclipse Foundation\jdk-11.0.12.7-hotspot
PATH=C:\Program Files (x86)\Microsoft SDKs\Azure\CLI2\wbin;C:\windows\system32;C:\windows;C:\windows\System32\Wbem;C:\windows\System32\WindowsPowerShell\v1.0\;C:\windows\System32\OpenSSH\;C:\Program Files\Git\cmd;C:\Program Files\Eclipse Foundation\jdk-11.0.12.7-hotspot\bin;C:\Program Files\Eclipse Adoptium\jdk-17.0.4.101-hotspot\bin;C:\Users\mensb\AppData\Roaming\nvm;C:\Program Files\nodejs;C:\Program Files\Microsoft SQL Server\150\Tools\Binn\;C:\Program Files\Microsoft SQL Server\Client SDK\ODBC\170\Tools\Binn\;C:\Program Files\dotnet\;C:\Program Files\PuTTY\;C:\Users\mensb\AppData\Local\Microsoft\WindowsApps;C:\Users\mensb\AppData\Local\Programs\Microsoft VS Code\bin;C:\Users\mensb\AppData\Local\nvs\;C:\tools\apache-maven-3.8.3\bin;C:\tools\jEnv;C:\Users\mensb\AppData\Roaming\nvm;C:\Program Files\nodejs;C:\Users\mensb\.dotnet\tools;C:\tools\nuget;C:\Users\mensb\AppData\Local\Pandoc\
USERNAME=mensb
LANG=nl_NL.UTF-8
OS=Windows_NT
PROCESSOR_IDENTIFIER=Intel64 Family 6 Model 165 Stepping 2, GenuineIntel
TMP=C:\Users\mensb\AppData\Local\Temp
TEMP=C:\Users\mensb\AppData\Local\Temp



---------------  S Y S T E M  ---------------

OS:
 Windows 10 , 64 bit Build 19041 (10.0.19041.1889)
OS uptime: 4 days 15:41 hours

CPU: total 12 (initial active 12) (6 cores per cpu, 2 threads per core) family 6 model 165 stepping 2 microcode 0xf0, cx8, cmov, fxsr, ht, mmx, 3dnowpref, sse, sse2, sse3, ssse3, sse4.1, sse4.2, popcnt, lzcnt, tsc, tscinvbit, avx, avx2, aes, erms, clmul, bmi1, bmi2, adx, fma, vzeroupper, clflush, clflushopt

Memory: 4k page, system-wide physical 32540M (22352M free)
TotalPageFile size 37404M (AvailPageFile size 23200M)
current process WorkingSet (physical memory assigned to process): 176M, peak: 177M
current process commit charge ("private bytes"): 780M, peak: 782M

vm_info: OpenJDK 64-Bit Server VM (17.0.4.1+1) for windows-amd64 JRE (17.0.4.1+1), built on Aug 17 2022 07:42:43 by "temurin" with MS VC++ 16.7 (VS2019)

END.
